<?xml version="1.0" encoding="UTF-8"?>
<testsuite xmlns:xsi="http://www.w3.org/2001/XMLSchema-instance" xsi:noNamespaceSchemaLocation="https://maven.apache.org/surefire/maven-surefire-plugin/xsd/surefire-test-report.xsd" version="3.0.2" name="gic.ip.lesson02.AuthenticationTest" time="0.029" tests="6" errors="0" skipped="0" failures="0">
  <properties>
[...]
</properties>
  <testcase name="testLoginFailedWrongUsername" classname="gic.ip.lesson02.AuthenticationTest" time="0.016">
    <system-out><![CDATA[Login with user naiea and password 123456
]]></system-out>
  </testcase>
  <testcase name="testLoginFailedEmptyFields" classname="gic.ip.lesson02.AuthenticationTest" time="0.001">
    <system-out><![CDATA[Login with empty username and password 
]]></system-out>
  </testcase>
  <testcase name="testLoginFailIsBanned" classname="gic.ip.lesson02.AuthenticationTest" time="0.001">
    <system-out><![CDATA[Login with user naieang and password 123456
]]></system-out>
  </testcase>
  <testcase name="testLoginSuccess" classname="gic.ip.lesson02.AuthenticationTest" time="0.002">
    <system-out><![CDATA[Login with user pagna and password 123456
]]></system-out>
  </testcase>
  <testcase name="testLoginFailedWrongPassword" classname="gic.ip.lesson02.AuthenticationTest" time="0.001">
    <system-out><![CDATA[Login with user naieang and password 12356
]]></system-out>
  </testcase>
  <testcase name="testLoginFailSQLInjection" classname="gic.ip.lesson02.AuthenticationTest" time="0.002">
    <system-out><![CDATA[Login with user admin" OR "1"="1 and password 123
]]></system-out>
  </testcase>
</testsuite>